2026-03-17 22:12:05,246 - INFO - Pipeline started
2026-03-17 22:12:05,248 - ERROR - Pipeline failed: [WinError 267] The directory name is invalid: 'data/incoming/'
2026-03-17 22:12:35,321 - INFO - Pipeline started
2026-03-17 22:12:35,321 - ERROR - Pipeline failed: [WinError 267] The directory name is invalid: 'data/incoming/'
2026-03-17 22:14:22,496 - INFO - Pipeline started
2026-03-17 22:14:22,497 - ERROR - Pipeline failed: [WinError 267] The directory name is invalid: 'data/incoming/'
2026-03-17 22:17:46,770 - INFO - Pipeline started
2026-03-17 22:17:46,788 - INFO - Loaded file: sample_data.csv
2026-03-17 22:17:46,791 - INFO - Data preprocessed
2026-03-17 22:17:46,801 - INFO - Model trained
2026-03-17 22:17:46,805 - INFO - Model saved at models/model_20260317_221746.pkl
2026-03-17 22:17:46,806 - INFO - Pipeline completed successfully
2026-03-18 19:24:55,230 - INFO - Pipeline started
2026-03-18 19:24:55,260 - INFO - Loaded file: sample_data.csv
2026-03-18 19:24:55,261 - INFO - Data preprocessed
2026-03-18 19:24:55,272 - INFO - Model trained
2026-03-18 19:24:55,276 - INFO - Model saved at models/model_20260318_192455.pkl
2026-03-18 19:24:55,276 - INFO - Pipeline completed successfully
2026-03-18 19:26:54,425 - INFO - Pipeline started
2026-03-18 19:26:54,428 - INFO - Loaded file: sample_data.csv
2026-03-18 19:26:54,429 - INFO - Data preprocessed
2026-03-18 19:26:54,431 - INFO - Model trained
2026-03-18 19:26:54,433 - INFO - Model saved at models/model_20260318_192654.pkl
2026-03-18 19:26:54,434 - INFO - Pipeline completed successfully
2026-03-18 19:47:56,710 - INFO - Pipeline started
2026-03-18 19:47:56,723 - INFO - Loaded file: new_data.csv
2026-03-18 19:47:56,725 - INFO - Data preprocessed
2026-03-18 19:47:56,736 - INFO - Model trained
2026-03-18 19:47:56,739 - INFO - Model saved at models/model_20260318_194756.pkl
2026-03-18 19:47:56,739 - INFO - Pipeline completed successfully
